                  :-) GROMACS - gmx mdrun, 2026.0-Homebrew (-:

Copyright 1991-2026 The GROMACS Authors.
GROMACS is free software; you can redistribute it and/or modify it
under the terms of the GNU Lesser General Public License
as published by the Free Software Foundation; either version 2.1
of the License, or (at your option) any later version.

                         Current GROMACS contributors:
       Mark Abraham           Andrey Alekseenko           Brian Andrews       
        Paul Bauer              Cathrine Bergh              Hugh Bird         
      Eliane Briand               Ania Brown                Yiqi Chen         
      Mahesh Doijade            Giacomo Fiorin          Stefan Fleischmann    
      Sergey Gorelov         Gilles Gouaillardet            Alan Gray         
   Farzaneh Jalalypour         Petter Johansson          Carsten Kutzner      
    Grzegorz Łazarski         Justin A. Lemkul          Magnus Lundborg      
        Julio Maia               Pascal Merz             Vedran Miletić      
      Dmitry Morozov           Lukas Müllender           Szilárd Páll      
 Andrea Pasquadibisceglie     Michele Pellegrino         Nicola Piasentin     
     Daniele Rapetti         Muhammad Umair Sadiq         Hubert Santuz       
      Michael Shirts           Tatiana Shugaeva          Alexey Shvetsov      
     Bálint Soproni            Philip Turner            Alessandra Villa     
        Yang Zhang        

                         Previous GROMACS contributors:
        Emile Apol             Rossen Apostolov           James Barnett       
      Vladimir Basov        Herman J.C. Berendsen          Par Bjelkmar       
      Christian Blau          Viacheslav Bolnykh            Kevin Boyd        
    Aldert van Buuren          Carlo Camilloni           Rudi van Drunen      
      Anton Feenstra           Oliver Fleetwood            Vytas Gapsys       
       Gaurav Garg             Gerrit Groenhof            Bert de Groot       
      Anca Hamuraru           Vincent Hindriksen          Victor Holanda      
     M. Eric Irrgang           Aleksei Iupinov              Joe Jordan        
    Christoph Junghans        Prashanth Kanduri        Dimitrios Karkoulis    
       Peter Kasson             Sebastian Kehl           Sebastian Keller     
        Jiri Kraus               Per Larsson              Viveca Lindahl      
      Erik Marklund           Pieter Meulenhoff           Teemu Murtola       
       Julien Nabet              Sander Pronk             Roland Schulz       
      Alfons Sijbers         David van der Spoel          Peter Tieleman      
      Carsten Uphoff             Jon Vincent             Teemu Virolainen     
    Christian Wennberg     Sebastian Wingbermühle         Maarten Wolf       
      Artem Zhmurov       

                  Coordinated by the GROMACS project leaders:
                           Berk Hess and Erik Lindahl

GROMACS:      gmx mdrun, version 2026.0-Homebrew
Executable:   /opt/homebrew/bin/../Cellar/gromacs/2026.0_1/bin/gmx
Data prefix:  /opt/homebrew/bin/../Cellar/gromacs/2026.0_1
Working dir:  /Users/pranayvure/computational_biophysics/gromacs_simulation
Process ID:   23260
Command line:
  gmx mdrun -deffnm prot_equil

GROMACS version:     2026.0-Homebrew
Precision:           mixed
Memory model:        64 bit
MPI library:         thread_mpi
MPI version:         built in
OpenMP support:      enabled (GMX_OPENMP_MAX_THREADS = 128)
GPU support:         disabled
SIMD instructions:   ARM_NEON_ASIMD
CPU FFT library:     fftw-3.3.10
GPU FFT library:     none
Multi-GPU FFT:       none
TNG support:         enabled
Hwloc support:       disabled
Tracing support:     disabled
Colvars support:     enabled (version 2025-10-13)
CP2K support:        disabled
Torch support:       disabled
Plumed support:      enabled
C compiler:          /usr/bin/clang
C compiler flags:    -Wno-missing-field-initializers -fno-stack-check -O3 -DNDEBUG
C++ compiler:        /usr/bin/clang++
C++ compiler flags:  -Wno-reserved-identifier -Wno-missing-field-initializers -fno-stack-check -Weverything -Wno-c++98-compat -Wno-c++98-compat-pedantic -Wno-return-std-move-in-c++11 -Wno-source-uses-openmp -Wno-c++17-extensions -Wno-documentation-unknown-command -Wno-covered-switch-default -Wno-switch-enum -Wno-switch-default -Wno-extra-semi-stmt -Wno-weak-vtables -Wno-shadow -Wno-padded -Wno-reserved-id-macro -Wno-double-promotion -Wno-exit-time-destructors -Wno-global-constructors -Wno-documentation -Wno-format-nonliteral -Wno-used-but-marked-unused -Wno-float-equal -Wno-conditional-uninitialized -Wno-conversion -Wno-disabled-macro-expansion -Wno-unused-macros -Wno-unsafe-buffer-usage -Wno-stringop-truncation -Wno-cast-function-type-strict SHELL:-Xclang -fopenmp -O3 -DNDEBUG
BLAS library:        External - detected on the system
LAPACK library:      External - detected on the system


Running on 1 node with total 0 processing units
Hardware detected on host brb-08153.apn.wlan.private.upenn.edu:
  CPU info:
    Vendor: ARM
    Brand:  Unknown CPU brand
    Family: 0   Model: 0   Stepping: 0
    Features: neon neon_asimd
  Hardware topology: Only logical processor count
    CPU limit set by OS: -1   Recommended max number of threads: 8


++++ PLEASE READ AND CITE THE FOLLOWING REFERENCE ++++
M. J. Abraham, T. Murtola, R. Schulz, S. Páll, J. C. Smith, B. Hess, E.
Lindahl
GROMACS: High performance molecular simulations through multi-level
parallelism from laptops to supercomputers
SoftwareX (2015)
https://doi.org/10.1016/j.softx.2015.06.001
-------- -------- --- Thank You --- -------- --------


++++ PLEASE READ AND CITE THE FOLLOWING REFERENCE ++++
S. Páll, M. J. Abraham, C. Kutzner, B. Hess, E. Lindahl
Tackling Exascale Software Challenges in Molecular Dynamics Simulations with
GROMACS
In S. Markidis & E. Laure (Eds.), Solving Software Challenges for Exascale (2015)
https://doi.org/10.1007/978-3-319-15976-8_1
-------- -------- --- Thank You --- -------- --------


++++ PLEASE READ AND CITE THE FOLLOWING REFERENCE ++++
S. Pronk, S. Páll, R. Schulz, P. Larsson, P. Bjelkmar, R. Apostolov, M. R.
Shirts, J. C. Smith, P. M. Kasson, D. van der Spoel, B. Hess, E. Lindahl
GROMACS 4.5: a high-throughput and highly parallel open source molecular
simulation toolkit
Bioinformatics (2013)
https://doi.org/10.1093/bioinformatics/btt055
-------- -------- --- Thank You --- -------- --------


++++ PLEASE READ AND CITE THE FOLLOWING REFERENCE ++++
B. Hess, C. Kutzner, D. van der Spoel, E. Lindahl
GROMACS 4: Algorithms for highly efficient, load-balanced, and scalable
molecular simulation
J. Chem. Theory Comput. (2008)
https://doi.org/10.1021/ct700301q
-------- -------- --- Thank You --- -------- --------


++++ PLEASE READ AND CITE THE FOLLOWING REFERENCE ++++
D. van der Spoel, E. Lindahl, B. Hess, G. Groenhof, A. E. Mark, H. J. C.
Berendsen
GROMACS: Fast, Flexible and Free
J. Comp. Chem. (2005)
https://doi.org/10.1002/jcc.20291
-------- -------- --- Thank You --- -------- --------


++++ PLEASE READ AND CITE THE FOLLOWING REFERENCE ++++
E. Lindahl, B. Hess, D. van der Spoel
GROMACS 3.0: A package for molecular simulation and trajectory analysis
J. Mol. Mod. (2001)
https://doi.org/10.1007/s008940100045
-------- -------- --- Thank You --- -------- --------


++++ PLEASE READ AND CITE THE FOLLOWING REFERENCE ++++
H. J. C. Berendsen, D. van der Spoel and R. van Drunen
GROMACS: A message-passing parallel molecular dynamics implementation
Comp. Phys. Comm. (1995)
https://doi.org/10.1016/0010-4655(95)00042-E
-------- -------- --- Thank You --- -------- --------

Input Parameters:
   integrator                     = md
   tinit                          = 0
   dt                             = 0.002
   nsteps                         = 250000
   init-step                      = 0
   simulation-part                = 1
   mts                            = false
   mass-repartition-factor        = 1
   comm-mode                      = Linear
   nstcomm                        = 50
   bd-fric                        = 0
   ld-seed                        = -176816277
   emtol                          = 10
   emstep                         = 0.01
   niter                          = 20
   fcstep                         = 0
   nstcgsteep                     = 1000
   nbfgscorr                      = 10
   rtpi                           = 0.05
   nstxout                        = 250000
   nstvout                        = 0
   nstfout                        = 0
   nstlog                         = 0
   nstcalcenergy                  = 50
   nstenergy                      = 2500
   nstxout-compressed             = 2500
   compressed-x-precision         = 1000
   cutoff-scheme                  = Verlet
   nstlist                        = 30
   pbc                            = xyz
   periodic-molecules             = false
   verlet-buffer-tolerance        = 0.005
   verlet-buffer-pressure-tolerance = 0.5
   rlist                          = 0.965
   coulombtype                    = PME
   coulomb-modifier               = Potential-shift
   rcoulomb-switch                = 0
   rcoulomb                       = 0.9
   epsilon-r                      = 1
   epsilon-rf                     = inf
   vdw-type                       = Cut-off
   vdw-modifier                   = Potential-shift
   rvdw-switch                    = 0
   rvdw                           = 0.9
   DispCorr                       = EnerPres
   table-extension                = 1
   fourierspacing                 = 0.12
   fourier-nx                     = 60
   fourier-ny                     = 60
   fourier-nz                     = 60
   pme-order                      = 4
   ewald-rtol                     = 1e-05
   ewald-rtol-lj                  = 0.001
   lj-pme-comb-rule               = Geometric
   ewald-geometry                 = 3d
   epsilon-surface                = 0
   ensemble-temperature-setting   = constant
   ensemble-temperature           = 300
   tcoupl                         = V-rescale
   nsttcouple                     = 10
   nh-chain-length                = 0
   print-nose-hoover-chain-variables = false
   pcoupl                         = Berendsen
   pcoupltype                     = Isotropic
   nstpcouple                     = 50
   tau-p                          = 4
   compressibility (3x3):
      compressibility[    0]={ 4.50000e-05,  0.00000e+00,  0.00000e+00}
      compressibility[    1]={ 0.00000e+00,  4.50000e-05,  0.00000e+00}
      compressibility[    2]={ 0.00000e+00,  0.00000e+00,  4.50000e-05}
   ref-p (3x3):
      ref-p[    0]={ 1.00000e+00,  0.00000e+00,  0.00000e+00}
      ref-p[    1]={ 0.00000e+00,  1.00000e+00,  0.00000e+00}
      ref-p[    2]={ 0.00000e+00,  0.00000e+00,  1.00000e+00}
   refcoord-scaling               = All
   posres-com: not available
   posres-comB: not available
   QMMM                           = false
qm-opts:
   ngQM                           = 0
   constraint-algorithm           = Lincs
   continuation                   = false
   Shake-SOR                      = false
   shake-tol                      = 0.0001
   lincs-order                    = 6
   lincs-iter                     = 2
   lincs-warnangle                = 30
   nwall                          = 0
   wall-type                      = 9-3
   wall-r-linpot                  = -1
   wall-atomtype[0]               = -1
   wall-atomtype[1]               = -1
   wall-density[0]                = 0
   wall-density[1]                = 0
   wall-ewald-zfac                = 3
   pull                           = false
   awh                            = false
   rotation                       = false
   interactiveMD                  = false
   disre                          = No
   disre-weighting                = Conservative
   disre-mixed                    = false
   dr-fc                          = 1000
   dr-tau                         = 0
   nstdisreout                    = 100
   orire-fc                       = 0
   orire-tau                      = 0
   nstorireout                    = 100
   free-energy                    = no
   cos-acceleration               = 0
   deform (3x3):
      deform[    0]={ 0.00000e+00,  0.00000e+00,  0.00000e+00}
      deform[    1]={ 0.00000e+00,  0.00000e+00,  0.00000e+00}
      deform[    2]={ 0.00000e+00,  0.00000e+00,  0.00000e+00}
   simulated-tempering            = false
   swapcoords                     = no
   userint1                       = 0
   userint2                       = 0
   userint3                       = 0
   userint4                       = 0
   userreal1                      = 0
   userreal2                      = 0
   userreal3                      = 0
   userreal4                      = 0
   applied-forces:
     electric-field:
       x:
         E0                       = 0
         omega                    = 0
         t0                       = 0
         sigma                    = 0
       y:
         E0                       = 0
         omega                    = 0
         t0                       = 0
         sigma                    = 0
       z:
         E0                       = 0
         omega                    = 0
         t0                       = 0
         sigma                    = 0
     density-guided-simulation:
       active                     = false
       group                      = protein
       similarity-measure         = inner-product
       atom-spreading-weight      = unity
       force-constant             = 1e+09
       gaussian-transform-spreading-width = 0.2
       gaussian-transform-spreading-range-in-multiples-of-width = 4
       reference-density-filename = reference.mrc
       nst                        = 1
       normalize-densities        = true
       adaptive-force-scaling     = false
       adaptive-force-scaling-time-constant = 4
       shift-vector               = 
       transformation-matrix      = 
     qmmm-cp2k:
       active                     = false
       qmgroup                    = System
       qmmethod                   = PBE
       qmfilenames                = 
       qmcharge                   = 0
       qmmultiplicity             = 1
     colvars:
       active                     = false
       configfile                 = 
       seed                       = -1
     nnpot:
       active                     = false
       modelfile                  = model.pt
       input-group                = System
       link-type                  = H
       link-distance              = 0.1
       pair-cutoff                = 0
       embedding                  = mechanical
       nnp-charge                 = 0
       model-input1               = 
       model-input2               = 
       model-input3               = 
       model-input4               = 
       model-input5               = 
       model-input6               = 
       model-input7               = 
       model-input8               = 
       model-input9               = 
   fast-multipole-method:
     fmm:
       backend                    = inactive
       exafmm-order               = 6
       exafmm-direct-range        = 2
       exafmm-direct-provider     = GROMACS
       exafmm-tree-type           = uniform
       exafmm-tree-depth          = 0
       exafmm-max-particles-per-cell = 0
       fmsolvr-order              = 8
       fmsolvr-direct-range       = 1
       fmsolvr-direct-provider    = FMM
       fmsolvr-dipole-compensation = true
       fmsolvr-tree-depth         = 3
       fmsolvr-sparse             = false
grpopts:
   nrdf:       44285
   ref-t:         300
   tau-t:         0.1
annealing:          No
annealing-npoints:           0
   acc:	           0           0           0
   nfreeze:           N           N           N
   energygrp-flags[  0]: 0

Changing nstlist from 30 to 50, rlist from 0.965 to 1.013

Update groups can not be used for this system because there are three or more consecutively coupled constraints

Initializing Domain Decomposition on 1 ranks
Dynamic load balancing: auto
Minimum cell size due to atom displacement: 0.468 nm
Initial maximum distances in bonded interactions:
    two-body bonded interactions: 0.419 nm, LJ-14, atoms 471 473
  multi-body bonded interactions: 0.419 nm, Proper Dih., atoms 473 471
Minimum cell size due to bonded interactions: 0.461 nm
Maximum distance for 7 constraints, at 120 deg. angles, all-trans: 1.098 nm
Estimated maximum distance required for P-LINCS: 1.098 nm
This distance will limit the DD cell size, you can override this with -rcon
Using 0 separate PME ranks because: there are too few total ranks for efficient splitting
Optimizing the DD grid for 1 cells with a minimum initial size of 1.098 nm
The maximum allowed number of cells is: X 5 Y 5 Z 4
Domain decomposition grid 1 x 1 x 1, separate PME ranks 0
PME domain decomposition: 1 x 1 x 1

The initial number of communication pulses is:
The initial domain decomposition cell size is:

The maximum allowed distance for atoms involved in interactions is:
                 non-bonded interactions           1.013 nm
(the following are initial values, they could change due to box deformation)
            two-body bonded interactions  (-rdd)   1.013 nm
          multi-body bonded interactions  (-rdd)   1.013 nm
  atoms separated by up to 7 constraints  (-rcon)  4.842 nm

When dynamic load balancing gets turned on, these settings will change to:
The maximum number of communication pulses is:
The minimum size for domain decomposition cells is 1.098 nm
The requested allowed shrink of DD cells (option -dds) is: 0.80
The allowed shrink of domain decomposition cells is:
The maximum allowed distance for atoms involved in interactions is:
                 non-bonded interactions           1.013 nm
            two-body bonded interactions  (-rdd)   1.013 nm
          multi-body bonded interactions  (-rdd)   1.013 nm
  atoms separated by up to 7 constraints  (-rcon)  1.098 nm

Local state does not use filler particles

Using 1 MPI thread
Using 8 OpenMP threads 

System total charge: -0.000
Will do PME sum in reciprocal space for electrostatic interactions.

++++ PLEASE READ AND CITE THE FOLLOWING REFERENCE ++++
U. Essmann, L. Perera, M. L. Berkowitz, T. Darden, H. Lee, L. G. Pedersen 
A smooth particle mesh Ewald method
J. Chem. Phys. (1995)
https://doi.org/10.1063/1.470117
-------- -------- --- Thank You --- -------- --------

Using a Gaussian width (1/beta) of 0.288146 nm for Ewald
Potential shift: LJ r^-12: -3.541e+00 r^-6: -1.882e+00, Ewald -1.111e-05
Initialized non-bonded Coulomb Ewald tables, spacing: 8.85e-04 size: 1018

Generated table with 1006 data points for 1-4 COUL.
Tabscale = 500 points/nm
Generated table with 1006 data points for 1-4 LJ6.
Tabscale = 500 points/nm
Generated table with 1006 data points for 1-4 LJ12.
Tabscale = 500 points/nm
Long Range LJ corr.: <C6> 3.1818e-04


Using SIMD4xM 4x4 nonbonded short-range kernels

Using a dual 4x4 pair-list setup updated with dynamic pruning:
  outer list: updated every 50 steps, buffer 0.113 nm, rlist 1.013 nm
  inner list: updated every  7 steps, buffer 0.001 nm, rlist 0.901 nm
At tolerance 0.005 kJ/mol/ps per atom, equivalent classical 1x1 list would be:
  outer list: updated every 50 steps, buffer 0.237 nm, rlist 1.137 nm
  inner list: updated every  7 steps, buffer 0.018 nm, rlist 0.918 nm

The average pressure is off by at most 0.42 bar due to missing LJ interactions

Using Lorentz-Berthelot Lennard-Jones combination rule
Removing pbc first time

Linking all bonded interactions to atoms


Initializing Parallel LINear Constraint Solver

++++ PLEASE READ AND CITE THE FOLLOWING REFERENCE ++++
B. Hess
P-LINCS: A Parallel Linear Constraint Solver for molecular simulation
J. Chem. Theory Comput. (2008)
https://doi.org/10.1021/ct700200b
-------- -------- --- Thank You --- -------- --------

The number of constraints is 1957
There are constraints between atoms in different decomposition domains,
will communicate selected coordinates each lincs iteration

++++ PLEASE READ AND CITE THE FOLLOWING REFERENCE ++++
S. Miyamoto, P. A. Kollman
SETTLE: An Analytical Version of the SHAKE and RATTLE Algorithms for Rigid
Water Models
J. Comp. Chem. (1992)
https://doi.org/10.1002/jcc.540130805
-------- -------- --- Thank You --- -------- --------


++++ PLEASE READ AND CITE THE FOLLOWING REFERENCE ++++
G. Bussi, D. Donadio, M. Parrinello
Canonical sampling through velocity rescaling
J. Chem. Phys. (2007)
https://doi.org/10.1063/1.2408420
-------- -------- --- Thank You --- -------- --------

There are: 22139 Atoms

Atom distribution over 1 domains: av 22139 stddev 0 min 22139 max 22139

Constraining the starting coordinates (step 0)

Constraining the coordinates at t0-dt (step 0)
Center of mass motion removal mode is Linear
We have the following groups for center of mass motion removal:
  0:  rest
RMS relative constraint deviation after constraining: 2.31e-06
Initial temperature: 301.07 K

Started mdrun on rank 0 Fri Jan 30 11:06:04 2026

           Step           Time
              0        0.00000

   Energies (kJ/mol)
          Angle    Proper Dih. Per. Imp. Dih.          LJ-14     Coulomb-14
    1.69188e+03    4.89312e+03    6.64978e+01    1.82489e+03    2.30876e+04
        LJ (SR)  Disper. corr.   Coulomb (SR)   Coul. recip. Position Rest.
    4.21720e+04   -3.94132e+03   -3.87665e+05    6.14249e+03    7.81124e-01
      Potential    Kinetic En.   Total Energy  Conserved En.    Temperature
   -3.11727e+05    5.55628e+04   -2.56164e+05   -2.55902e+05    3.01803e+02
 Pres. DC (bar) Pressure (bar)   Constr. rmsd
   -2.88827e+02   -2.98749e+03    2.47703e-06



Received the INT signal, stopping within 50 steps

           Step           Time
          11800       23.60000

Writing checkpoint, step 11800 at Fri Jan 30 11:06:55 2026


   Energies (kJ/mol)
          Angle    Proper Dih. Per. Imp. Dih.          LJ-14     Coulomb-14
    3.99525e+03    5.35956e+03    2.17656e+02    2.17031e+03    2.34559e+04
        LJ (SR)  Disper. corr.   Coulomb (SR)   Coul. recip. Position Rest.
    3.90680e+04   -4.01620e+03   -3.65213e+05    3.21379e+03    4.45870e+02
      Potential    Kinetic En.   Total Energy  Conserved En.    Temperature
   -2.91303e+05    5.46865e+04   -2.36617e+05   -2.55642e+05    2.97043e+02
 Pres. DC (bar) Pressure (bar)   Constr. rmsd
   -2.99888e+02   -1.41355e+02    2.33160e-06


Energy conservation over simulation part #1 of length 23.6 ps, time 0 to 23.6 ps
  Conserved energy drift: 4.98e-04 kJ/mol/ps per atom


	<======  ###############  ==>
	<====  A V E R A G E S  ====>
	<==  ###############  ======>

	Statistics over 11801 steps using 237 frames

   Energies (kJ/mol)
          Angle    Proper Dih. Per. Imp. Dih.          LJ-14     Coulomb-14
    3.89752e+03    5.29581e+03    2.17111e+02    2.11689e+03    2.32866e+04
        LJ (SR)  Disper. corr.   Coulomb (SR)   Coul. recip. Position Rest.
    3.95349e+04   -3.99814e+03   -3.65084e+05    3.26202e+03    4.67837e+02
      Potential    Kinetic En.   Total Energy  Conserved En.    Temperature
   -2.91003e+05    5.51299e+04   -2.35873e+05   -2.55647e+05    2.99452e+02
 Pres. DC (bar) Pressure (bar)   Constr. rmsd
   -2.97207e+02   -7.00593e+01    0.00000e+00

          Box-X          Box-Y          Box-Z
    6.81447e+00    6.81447e+00    4.81855e+00

   Total Virial (kJ/mol)
    1.92610e+04   -1.18472e+02   -8.75715e-01
   -1.17471e+02    1.89224e+04    1.27163e+02
   -8.56534e-01    1.26559e+02    1.83702e+04

   Pressure (bar)
   -1.35116e+02    1.24394e+01    2.66078e+00
    1.22907e+01   -7.58972e+01   -1.99891e+01
    2.65794e+00   -1.98994e+01    8.35611e-01


       P P   -   P M E   L O A D   B A L A N C I N G

 PP/PME load balancing changed the cut-off and PME settings:
           particle-particle                    PME
            rcoulomb  rlist            grid      spacing   1/beta
   initial  0.900 nm  0.901 nm      60  60  60   0.114 nm  0.288 nm
   final    0.900 nm  0.901 nm      60  60  60   0.114 nm  0.288 nm
 cost-ratio           1.00             1.00
 (note that these numbers concern only part of the total PP and PME load)


	M E G A - F L O P S   A C C O U N T I N G

 NB=Group-cutoff nonbonded kernels    NxN=N-by-N cluster Verlet kernels
 RF=Reaction-Field  VdW=Van der Waals  QSTab=quadratic-spline table
 W3=SPC/TIP3p  W4=TIP4p (single or pairs)
 V&F=Potential and force  V=Potential only  F=Force only

 Computing:                               M-Number         M-Flops  % Flops
-----------------------------------------------------------------------------
 Pair Search distance check            1350.492086       12154.429     0.1
 NxN Ewald Elec. + LJ [F]             65507.629992     4323503.579    48.7
 NxN Ewald Elec. + LJ [V&F]            1342.595688      143657.739     1.6
 NxN Ewald Elec. [F]                  53552.221128     3266685.489    36.8
 NxN Ewald Elec. [V&F]                 1097.577240       92196.488     1.0
 1,4 nonbonded interactions              60.704344        5463.391     0.1
 Calc Weights                           783.787017       28216.333     0.3
 Spread Q Bspline                     16720.789696       33441.579     0.4
 Gather F Bspline                     16720.789696      100324.738     1.1
 3D-FFT                               90340.549330      722724.395     8.1
 Solve PME                             1316.991600       84287.462     0.9
 Reset In Box                             5.246943          15.741     0.0
 CG-CoM                                   5.269082          15.807     0.0
 Angles                                  42.094167        7071.820     0.1
 Propers                                 65.896784       15090.364     0.2
 Impropers                                4.319166         898.387     0.0
 Pos. Restr.                             11.269955         563.498     0.0
 Virial                                   5.257608          94.637     0.0
 Stop-CM                                  5.269082          52.691     0.0
 P-Coupling                               5.246943          31.482     0.0
 Calc-Ekin                               52.292318        1411.893     0.0
 Lincs                                   23.098471        1385.908     0.0
 Lincs-Mat                              673.620816        2694.483     0.0
 Constraint-V                           284.262972        2558.367     0.0
 Constraint-Vir                           5.244573         125.870     0.0
 Settle                                  79.363372       29364.448     0.3
-----------------------------------------------------------------------------
 Total                                                 8874031.016   100.0
-----------------------------------------------------------------------------


    D O M A I N   D E C O M P O S I T I O N   S T A T I S T I C S

 av. #atoms communicated per step for force:  2 x 0.0
 av. #atoms communicated per step for LINCS:  3 x 0.0


      R E A L   C Y C L E   A N D   T I M E   A C C O U N T I N G

On 1 MPI rank, each using 8 OpenMP threads

 Activity:              Num   Num      Call    Wall time         Giga-Cycles
                        Ranks Threads  Count      (s)         total sum    %
--------------------------------------------------------------------------------
 Domain decomp.            1    8        237       0.376          3.009   0.7
 Neighbor search           1    8        237       1.281         10.251   2.5
 Force                     1    8      11801      29.683        237.462  58.4
 PME mesh                  1    8      11801      10.421         83.368  20.5
 NB X/F buffer ops.        1    8      23602       1.133          9.066   2.2
 Write traj.               1    8          6       0.009          0.074   0.0
 Update                    1    8      11801       0.489          3.914   1.0
 Constraints               1    8      11803       7.281         58.244  14.3
 Kinetic energy            1    8       2361       0.109          0.871   0.2
 Rest                                              0.071          0.572   0.1
--------------------------------------------------------------------------------
 Total                                            50.854        406.830 100.0
--------------------------------------------------------------------------------
 Breakdown of PME mesh activities
--------------------------------------------------------------------------------
 PME spread                1    8      11801       2.725         21.799   5.4
 PME gather                1    8      11801       2.739         21.914   5.4
 PME 3D-FFT                1    8      23602       4.616         36.925   9.1
 PME solve Elec            1    8      11801       0.297          2.372   0.6
--------------------------------------------------------------------------------

               Core t (s)   Wall t (s)        (%)
       Time:      406.828       50.854      800.0
                 (ns/day)    (hour/ns)    (ms/step)  (Matom*steps/s) 
Performance:       40.100        0.599        4.309            5.138 
Finished mdrun on rank 0 Fri Jan 30 11:06:55 2026

